<?xml version="1.0" encoding="UTF-8"?>
<!-- Generated by org.testng.reporters.JUnitXMLReporter -->
<testsuite ignored="0" hostname="DESKTOP-84VO689" failures="0" tests="4" name="Default test" time="6.818" errors="0" timestamp="2024-11-13T00:01:49 CST">
  <testcase classname="jayTest.SeleniumJayson" name="testContactUsNavigation" time="2.407"/>
  <testcase classname="jayTest.SeleniumJayson" name="testSubmitButtonIsEnabledWithCompleteInputs" time="1.373"/>
  <testcase classname="jayTest.SeleniumJayson" name="testSubmitButtonNotEnabledWhenFieldsAreBlank" time="1.026"/>
  <testcase classname="jayTest.SeleniumJayson" name="testSubmitButtonNotEnabledWithIncompleteInputs" time="1.027"/>
</testsuite> <!-- Default test -->
