<?xml version="1.0" encoding="UTF-8"?>
<testng-results ignored="0" total="4" passed="4" failed="0" skipped="0">
  <reporter-output>
  </reporter-output>
  <suite started-at="2024-11-13T00:01:42 CST" name="Default suite" finished-at="2024-11-13T00:01:49 CST" duration-ms="6818">
    <groups>
    </groups>
    <test started-at="2024-11-13T00:01:42 CST" name="Default test" finished-at="2024-11-13T00:01:49 CST" duration-ms="6818">
      <class name="jayTest.SeleniumJayson">
        <test-method is-config="true" signature="setup()[pri:0, instance:jayTest.SeleniumJayson@7133da86]" started-at="2024-11-13T00:01:42 CST" name="setup" finished-at="2024-11-13T00:01:43 CST" duration-ms="857" status="PASS">
          <reporter-output>
          </reporter-output>
        </test-method> <!-- setup -->
        <test-method signature="testContactUsNavigation()[pri:0, instance:jayTest.SeleniumJayson@7133da86]" started-at="2024-11-13T00:01:43 CST" name="testContactUsNavigation" finished-at="2024-11-13T00:01:45 CST" duration-ms="2407" status="PASS">
          <reporter-output>
          </reporter-output>
        </test-method> <!-- testContactUsNavigation -->
        <test-method signature="testSubmitButtonIsEnabledWithCompleteInputs()[pri:0, instance:jayTest.SeleniumJayson@7133da86]" started-at="2024-11-13T00:01:45 CST" name="testSubmitButtonIsEnabledWithCompleteInputs" finished-at="2024-11-13T00:01:47 CST" duration-ms="1373" status="PASS">
          <reporter-output>
          </reporter-output>
        </test-method> <!-- testSubmitButtonIsEnabledWithCompleteInputs -->
        <test-method signature="testSubmitButtonNotEnabledWhenFieldsAreBlank()[pri:0, instance:jayTest.SeleniumJayson@7133da86]" started-at="2024-11-13T00:01:47 CST" name="testSubmitButtonNotEnabledWhenFieldsAreBlank" finished-at="2024-11-13T00:01:48 CST" duration-ms="1026" status="PASS">
          <reporter-output>
          </reporter-output>
        </test-method> <!-- testSubmitButtonNotEnabledWhenFieldsAreBlank -->
        <test-method signature="testSubmitButtonNotEnabledWithIncompleteInputs()[pri:0, instance:jayTest.SeleniumJayson@7133da86]" started-at="2024-11-13T00:01:48 CST" name="testSubmitButtonNotEnabledWithIncompleteInputs" finished-at="2024-11-13T00:01:49 CST" duration-ms="1027" status="PASS">
          <reporter-output>
          </reporter-output>
        </test-method> <!-- testSubmitButtonNotEnabledWithIncompleteInputs -->
        <test-method is-config="true" signature="tearDown()[pri:0, instance:jayTest.SeleniumJayson@7133da86]" started-at="2024-11-13T00:01:49 CST" name="tearDown" finished-at="2024-11-13T00:01:49 CST" duration-ms="108" status="PASS">
          <reporter-output>
          </reporter-output>
        </test-method> <!-- tearDown -->
      </class> <!-- jayTest.SeleniumJayson -->
    </test> <!-- Default test -->
  </suite> <!-- Default suite -->
</testng-results>
